[2019-03-01T13:52:53.407] [INFO] responseLog - null
*************** response log start ***************
nullrequest method: GET
request originalUrl:  /
request client ip:  null
request query:  {}
response time: 0
response status: 200
response body: 
undefined
*************** response log end ***************

[2019-03-01T13:52:54.473] [INFO] responseLog - null
*************** response log start ***************
nullrequest method: GET
request originalUrl:  /sw.js
request client ip:  null
request query:  {}
response time: 0
response status: 200
response body: 
undefined
*************** response log end ***************

[2019-03-01T13:52:57.436] [INFO] responseLog - null
*************** response log start ***************
nullrequest method: GET
request originalUrl:  /favicon.ico
request client ip:  null
request query:  {}
response time: 0
response status: 200
response body: 
undefined
*************** response log end ***************

[2019-03-01T13:52:59.380] [INFO] responseLog - null
*************** response log start ***************
nullrequest method: GET
request originalUrl:  /sw.js
request client ip:  null
request query:  {}
response time: 0
response status: 200
response body: 
undefined
*************** response log end ***************

[2019-03-01T13:54:41.815] [INFO] responseLog - null
*************** response log start ***************
nullrequest method: GET
request originalUrl:  /sw.js
request client ip:  null
request query:  {}
response time: 0
response status: 200
response body: 
undefined
*************** response log end ***************

[2019-03-01T13:54:41.823] [INFO] responseLog - null
*************** response log start ***************
nullrequest method: GET
request originalUrl:  /
request client ip:  null
request query:  {}
response time: 0
response status: 200
response body: 
undefined
*************** response log end ***************

[2019-03-01T13:54:43.396] [INFO] responseLog - null
*************** response log start ***************
nullrequest method: GET
request originalUrl:  /sw.js
request client ip:  null
request query:  {}
response time: 0
response status: 200
response body: 
undefined
*************** response log end ***************

[2019-03-01T13:55:50.009] [INFO] responseLog - null
*************** response log start ***************
nullrequest method: GET
request originalUrl:  /sw.js
request client ip:  null
request query:  {}
response time: 0
response status: 200
response body: 
undefined
*************** response log end ***************

[2019-03-01T13:55:50.013] [INFO] responseLog - null
*************** response log start ***************
nullrequest method: GET
request originalUrl:  /
request client ip:  null
request query:  {}
response time: 0
response status: 200
response body: 
undefined
*************** response log end ***************

[2019-03-01T13:55:51.512] [INFO] responseLog - null
*************** response log start ***************
nullrequest method: GET
request originalUrl:  /sw.js
request client ip:  null
request query:  {}
response time: 0
response status: 200
response body: 
undefined
*************** response log end ***************

[2019-03-01T13:55:51.516] [INFO] responseLog - null
*************** response log start ***************
nullrequest method: GET
request originalUrl:  /
request client ip:  null
request query:  {}
response time: 0
response status: 200
response body: 
undefined
*************** response log end ***************

[2019-03-01T13:55:51.608] [INFO] responseLog - null
*************** response log start ***************
nullrequest method: GET
request originalUrl:  /sw.js
request client ip:  null
request query:  {}
response time: 0
response status: 200
response body: 
undefined
*************** response log end ***************

[2019-03-01T13:55:53.207] [INFO] responseLog - null
*************** response log start ***************
nullrequest method: GET
request originalUrl:  /sw.js
request client ip:  null
request query:  {}
response time: 0
response status: 200
response body: 
undefined
*************** response log end ***************

[2019-03-01T13:56:35.313] [INFO] responseLog - null
*************** response log start ***************
nullrequest method: GET
request originalUrl:  /article/list
request client ip:  127.0.0.1
request query:  {}
response time: 0
response status: 200
response body: 
undefined
*************** response log end ***************

[2019-03-01T13:56:51.145] [INFO] responseLog - null
*************** response log start ***************
nullrequest method: GET
request originalUrl:  /article/list
request client ip:  127.0.0.1
request query:  {}
response time: 0
response status: 200
response body: 
undefined
*************** response log end ***************

